(value E2BIG 7)
(value EACCES 13)
(value EADDRINUSE 48)
(value EADDRNOTAVAIL 49)
(value EAFNOSUPPORT 47)
(value EAGAIN 35)
(value EALREADY 37)
(value EAUTH 80)
(value EBADARCH 86)
(value EBADEXEC 85)
(value EBADF 9)
(value EBADMACHO 88)
(value EBADMSG 94)
(value EBADRPC 72)
(value EBUSY 16)
(value ECANCELED 89)
(value ECHILD 10)
(value ECONNABORTED 53)
(value ECONNREFUSED 61)
(value ECONNRESET 54)
(value EDEADLK 11)
(value EDESTADDRREQ 39)
(value EDEVERR 83)
(value EDOM 33)
(value EDQUOT 69)
(value EEXIST 17)
(value EFAULT 14)
(value EFBIG 27)
(value EFTYPE 79)
(value EHOSTDOWN 64)
(value EHOSTUNREACH 65)
(value EIDRM 90)
(value EILSEQ 92)
(value EINPROGRESS 36)
(value EINTR 4)
(value EINVAL 22)
(value EIO 5)
(value EISCONN 56)
(value EISDIR 21)
(value ELOOP 62)
(value EMFILE 24)
(value EMLINK 31)
(value EMSGSIZE 40)
(value EMULTIHOP 95)
(value ENAMETOOLONG 63)
(value ENEEDAUTH 81)
(value ENETDOWN 50)
(value ENETRESET 52)
(value ENETUNREACH 51)
(value ENFILE 23)
(value ENOATTR 93)
(value ENOBUFS 55)
(value ENODATA 96)
(value ENODEV 19)
(value ENOENT 2)
(value ENOEXEC 8)
(value ENOLCK 77)
(value ENOLINK 97)
(value ENOMEM 12)
(value ENOMSG 91)
(value ENOPOLICY 103)
(value ENOPROTOOPT 42)
(value ENOSPC 28)
(value ENOSR 98)
(value ENOSTR 99)
(value ENOSYS 78)
(value ENOTBLK 15)
(value ENOTCONN 57)
(value ENOTDIR 20)
(value ENOTEMPTY 66)
(value ENOTRECOVERABLE 104)
(value ENOTSOCK 38)
(value ENOTSUP 45)
(value ENOTTY 25)
(value ENXIO 6)
(value EOPNOTSUPP 102)
(value EOVERFLOW 84)
(value EOWNERDEAD 105)
(value EPERM 1)
(value EPFNOSUPPORT 46)
(value EPIPE 32)
(value EPROCLIM 67)
(value EPROCUNAVAIL 76)
(value EPROGMISMATCH 75)
(value EPROGUNAVAIL 74)
(value EPROTO 100)
(value EPROTONOSUPPORT 43)
(value EPROTOTYPE 41)
(value EPWROFF 82)
(value EQFULL 106)
(value ERANGE 34)
(value EREMOTE 71)
(value EROFS 30)
(value ERPCMISMATCH 73)
(value ESHLIBVERS 87)
(value ESHUTDOWN 58)
(value ESOCKTNOSUPPORT 44)
(value ESPIPE 29)
(value ESRCH 3)
(value ESTALE 70)
(value ETIME 101)
(value ETIMEDOUT 60)
(value ETOOMANYREFS 59)
(value ETXTBSY 26)
(value EUSERS 68)
(value EWOULDBLOCK 35)
(value EXDEV 18)
